Vercel CLI 54.21.1 (Node.js 22.22.3)
Retrieving project…
Deploying linlis-projects-e28b9516/stock-monitor
  Inspect         https://vercel.com/linlis-projects-e28b9516/stock-monitor/6umJtZkAxKYJUUE2HM2KgqHBHtkh
  Production      https://stock-monitor-yajt8g9kn-linlis-projects-e28b9516.vercel.app
Building…
Building…
Running build in Washington, D.C., USA (East) – iad1
Build machine configuration: 2 cores, 8 GB
Retrieving list of deployment files...
Downloading 66 deployment files...
Restored build cache from previous deployment (BWfcBtXwvo2RPow2ntqE6tf9Td5T)
Running "vercel build"
Vercel CLI 54.21.1
Installing dependencies...
up to date in 1s
143 packages are looking for funding
run `npm fund` for details
Detected Next.js version: 16.2.10
Running "npm run build"
> stock-monitor@0.1.0 build
> next build
Applying modifyConfig from Vercel
▲ Next.js 16.2.10 (Turbopack)
- Environments: .env.production
Creating an optimized production build ...
✓ Compiled successfully in 18.0s
Running TypeScript ...
Finished TypeScript in 6.9s ...
Collecting page data using 1 worker ...
Generating static pages using 1 worker (0/8) ...
Generating static pages using 1 worker (2/8)
Generating static pages using 1 worker (4/8)
Generating static pages using 1 worker (6/8)
✓ Generating static pages using 1 worker (8/8) in 447ms
Finalizing page optimization ...
Running onBuildComplete from Vercel
Detected .env file, it is strongly recommended to use Vercel's env handling instead
Route (app)
┌ ○ /
├ ○ /_not-found
├ ○ /alerts
├ ƒ /api/news
├ ○ /industry
└ ○ /watchlist
○  (Static)   prerendered as static content
ƒ  (Dynamic)  server-rendered on demand
Build Completed in /vercel/output [30s]
Deploying outputs...
Deployment completed
Creating build cache...
[2K[1A[2K[G  Production      https://stock-monitor-yajt8g9kn-linlis-projects-e28b9516.vercel.app
Completing…
▲ Aliased         https://stock-monitor-murex-one.vercel.app
{
  "status": "ok",
  "deployment": {
    "id": "dpl_6umJtZkAxKYJUUE2HM2KgqHBHtkh",
    "url": "https://stock-monitor-yajt8g9kn-linlis-projects-e28b9516.vercel.app",
    "inspectorUrl": "https://vercel.com/linlis-projects-e28b9516/stock-monitor/6umJtZkAxKYJUUE2HM2KgqHBHtkh",
    "readyState": "READY",
    "target": "production",
    "deploymentApiUrl": "https://api.vercel.com/v13/deployments/dpl_6umJtZkAxKYJUUE2HM2KgqHBHtkh"
  },
  "message": "Deployment stock-monitor-yajt8g9kn-linlis-projects-e28b9516.vercel.app ready.",
  "next": [
    {
      "command": "vercel inspect stock-monitor-yajt8g9kn-linlis-projects-e28b9516.vercel.app",
      "when": "Inspect deployment"
    },
    {
      "command": "vercel deploy --prod",
      "when": "Promote to production"
    }
  ]
}
